2022-03-17 17:46:50,330 INFO c.e.p.PrimeiroprojetospringbatchApplication [main] Starting PrimeiroprojetospringbatchApplication using Java 11.0.14 on BRPC014081 with PID 18144 (C:\ws-developer\spring-java\primeiroprojetospringbatch\target\classes started by domk in C:\ws-developer\spring-java\primeiroprojetospringbatch)
2022-03-17 17:46:50,334 INFO c.e.p.PrimeiroprojetospringbatchApplication [main] No active profile set, falling back to 1 default profile: "default"
2022-03-17 17:46:50,958 INFO o.s.c.a.ConfigurationClassEnhancer [main] @Bean method PropertiesConfig.configurarPropriedades is non-static and returns an object assignable to Spring's BeanFactoryPostProcessor interface. This will result in a failure to process annotations such as @Autowired, @Resource and @PostConstruct within the method's declaring @Configuration class. Add the 'static' modifier to this method to avoid these container lifecycle issues; see @Bean javadoc for complete details.
2022-03-17 17:46:51,185 INFO c.z.h.HikariDataSource [main] HikariPool-1 - Starting...
2022-03-17 17:46:51,958 INFO c.z.h.HikariDataSource [main] HikariPool-1 - Start completed.
2022-03-17 17:46:52,127 INFO o.s.b.c.r.s.JobRepositoryFactoryBean [main] No database type set, using meta data indicating: MYSQL
2022-03-17 17:46:52,416 INFO o.s.b.c.l.s.SimpleJobLauncher [main] No TaskExecutor has been set, defaulting to synchronous executor.
2022-03-17 17:46:52,575 INFO c.e.p.PrimeiroprojetospringbatchApplication [main] Started PrimeiroprojetospringbatchApplication in 3.181 seconds (JVM running for 4.071)
2022-03-17 17:46:52,772 INFO o.s.b.c.l.s.SimpleJobLauncher [main] Job: [SimpleJob: [name=imprimeOlaJob]] launched with the following parameters: [{run.id=11}]
2022-03-17 17:46:52,837 INFO o.s.b.c.j.SimpleStepHandler [main] Executing step: [imprimeOlaStep]
2022-03-17 17:46:52,890 INFO o.s.b.c.s.AbstractStep [main] Step: [imprimeOlaStep] executed in 52ms
2022-03-17 17:46:52,940 INFO o.s.b.c.l.s.SimpleJobLauncher [main] Job: [SimpleJob: [name=imprimeOlaJob]] completed with the following parameters: [{run.id=11}] and the following status: [COMPLETED] in 129ms
2022-03-17 17:46:52,950 INFO c.z.h.HikariDataSource [SpringApplicationShutdownHook] HikariPool-1 - Shutdown initiated...
2022-03-17 17:46:52,982 INFO c.z.h.HikariDataSource [SpringApplicationShutdownHook] HikariPool-1 - Shutdown completed.
2022-03-18 14:37:34,722 INFO c.e.p.PrimeiroprojetospringbatchApplication [main] Starting PrimeiroprojetospringbatchApplication using Java 11.0.14 on BRPC014081 with PID 11108 (C:\ws-developer\spring-java\primeiroprojetospringbatch\target\classes started by domk in C:\ws-developer\spring-java\primeiroprojetospringbatch)
2022-03-18 14:37:34,726 INFO c.e.p.PrimeiroprojetospringbatchApplication [main] No active profile set, falling back to 1 default profile: "default"
2022-03-18 14:37:35,161 WARN o.s.c.a.AnnotationConfigApplicationContext [main] Exception encountered during context initialization - cancelling refresh attempt: org.springframework.beans.factory.support.BeanDefinitionOverrideException: Invalid bean definition with name 'arquivoLarguraFixaJob' defined in class path resource [com/example/primeiroprojetospringbatch/job/ArquivoLarguraFixaJob.class]: Cannot register bean definition [Root bean: class [null]; scope=; abstract=false; lazyInit=null; autowireMode=3; dependencyCheck=0; autowireCandidate=true; primary=false; factoryBeanName=arquivoLarguraFixaJob; factoryMethodName=arquivoLarguraFixaJob; initMethodName=null; destroyMethodName=(inferred); defined in class path resource [com/example/primeiroprojetospringbatch/job/ArquivoLarguraFixaJob.class]] for bean 'arquivoLarguraFixaJob': There is already [Generic bean: class [com.example.primeiroprojetospringbatch.arquivolargurafixa.job.ArquivoLarguraFixaJob]; scope=singleton; abstract=false; lazyInit=null; autowireMode=0; dependencyCheck=0; autowireCandidate=true; primary=false; factoryBeanName=null; factoryMethodName=null; initMethodName=null; destroyMethodName=null; defined in file [C:\ws-developer\spring-java\primeiroprojetospringbatch\target\classes\com\example\primeiroprojetospringbatch\job\ArquivoLarguraFixaJob.class]] bound.
2022-03-18 14:41:07,438 INFO c.e.p.PrimeiroprojetospringbatchApplication [main] Starting PrimeiroprojetospringbatchApplication using Java 11.0.14 on BRPC014081 with PID 20864 (C:\ws-developer\spring-java\primeiroprojetospringbatch\target\classes started by domk in C:\ws-developer\spring-java\primeiroprojetospringbatch)
2022-03-18 14:41:07,445 INFO c.e.p.PrimeiroprojetospringbatchApplication [main] No active profile set, falling back to 1 default profile: "default"
2022-03-18 14:41:08,150 INFO o.s.c.a.ConfigurationClassEnhancer [main] @Bean method PropertiesConfig.configurarPropriedades is non-static and returns an object assignable to Spring's BeanFactoryPostProcessor interface. This will result in a failure to process annotations such as @Autowired, @Resource and @PostConstruct within the method's declaring @Configuration class. Add the 'static' modifier to this method to avoid these container lifecycle issues; see @Bean javadoc for complete details.
2022-03-18 14:41:08,185 WARN o.s.c.a.AnnotationConfigApplicationContext [main] Exception encountered during context initialization - cancelling refresh attempt: org.springframework.beans.factory.BeanDefinitionStoreException: Invalid bean definition with name 'arquivoLarguraFixaJob' defined in class path resource [com/example/primeiroprojetospringbatch/job/ArquivoLarguraFixaJob.class]: factory-bean reference points back to the same bean definition
2022-03-18 14:41:57,801 INFO c.e.p.PrimeiroprojetospringbatchApplication [main] Starting PrimeiroprojetospringbatchApplication using Java 11.0.14 on BRPC014081 with PID 19356 (C:\ws-developer\spring-java\primeiroprojetospringbatch\target\classes started by domk in C:\ws-developer\spring-java\primeiroprojetospringbatch)
2022-03-18 14:41:57,809 INFO c.e.p.PrimeiroprojetospringbatchApplication [main] No active profile set, falling back to 1 default profile: "default"
2022-03-18 14:41:58,611 INFO o.s.c.a.ConfigurationClassEnhancer [main] @Bean method PropertiesConfig.configurarPropriedades is non-static and returns an object assignable to Spring's BeanFactoryPostProcessor interface. This will result in a failure to process annotations such as @Autowired, @Resource and @PostConstruct within the method's declaring @Configuration class. Add the 'static' modifier to this method to avoid these container lifecycle issues; see @Bean javadoc for complete details.
2022-03-18 14:41:58,867 INFO c.z.h.HikariDataSource [main] HikariPool-1 - Starting...
2022-03-18 14:42:04,152 ERROR c.z.h.p.HikariPool [main] HikariPool-1 - Exception during pool initialization.
com.mysql.cj.jdbc.exceptions.CommunicationsException: Communications link failure

The last packet sent successfully to the server was 0 milliseconds ago. The driver has not received any packets from the server.
	at com.mysql.cj.jdbc.exceptions.SQLError.createCommunicationsException(SQLError.java:174) ~[mysql-connector-java-8.0.23.jar:8.0.23]
	at com.mysql.cj.jdbc.exceptions.SQLExceptionsMapping.translateException(SQLExceptionsMapping.java:64) ~[mysql-connector-java-8.0.23.jar:8.0.23]
	at com.mysql.cj.jdbc.ConnectionImpl.createNewIO(ConnectionImpl.java:833) ~[mysql-connector-java-8.0.23.jar:8.0.23]
	at com.mysql.cj.jdbc.ConnectionImpl.<init>(ConnectionImpl.java:453) ~[mysql-connector-java-8.0.23.jar:8.0.23]
	at com.mysql.cj.jdbc.ConnectionImpl.getInstance(ConnectionImpl.java:246) ~[mysql-connector-java-8.0.23.jar:8.0.23]
	at com.mysql.cj.jdbc.NonRegisteringDriver.connect(NonRegisteringDriver.java:198) ~[mysql-connector-java-8.0.23.jar:8.0.23]
	at com.zaxxer.hikari.util.DriverDataSource.getConnection(DriverDataSource.java:138) ~[HikariCP-4.0.3.jar:?]
	at com.zaxxer.hikari.pool.PoolBase.newConnection(PoolBase.java:364) ~[HikariCP-4.0.3.jar:?]
	at com.zaxxer.hikari.pool.PoolBase.newPoolEntry(PoolBase.java:206) ~[HikariCP-4.0.3.jar:?]
	at com.zaxxer.hikari.pool.HikariPool.createPoolEntry(HikariPool.java:476) ~[HikariCP-4.0.3.jar:?]
	at com.zaxxer.hikari.pool.HikariPool.checkFailFast(HikariPool.java:561) ~[HikariCP-4.0.3.jar:?]
	at com.zaxxer.hikari.pool.HikariPool.<init>(HikariPool.java:115) ~[HikariCP-4.0.3.jar:?]
	at com.zaxxer.hikari.HikariDataSource.getConnection(HikariDataSource.java:112) ~[HikariCP-4.0.3.jar:?]
	at org.springframework.jdbc.datasource.DataSourceUtils.fetchConnection(DataSourceUtils.java:159) ~[spring-jdbc-5.3.16.jar:5.3.16]
	at org.springframework.jdbc.datasource.DataSourceUtils.doGetConnection(DataSourceUtils.java:117) ~[spring-jdbc-5.3.16.jar:5.3.16]
	at org.springframework.jdbc.datasource.DataSourceUtils.getConnection(DataSourceUtils.java:80) ~[spring-jdbc-5.3.16.jar:5.3.16]
	at org.springframework.jdbc.support.JdbcUtils.extractDatabaseMetaData(JdbcUtils.java:337) ~[spring-jdbc-5.3.16.jar:5.3.16]
	at org.springframework.boot.jdbc.DatabaseDriver.fromDataSource(DatabaseDriver.java:332) ~[spring-boot-2.6.4.jar:2.6.4]
	at org.springframework.boot.jdbc.init.PlatformPlaceholderDatabaseDriverResolver.getDatabaseDriver(PlatformPlaceholderDatabaseDriverResolver.java:137) ~[spring-boot-2.6.4.jar:2.6.4]
	at org.springframework.boot.jdbc.init.PlatformPlaceholderDatabaseDriverResolver.determinePlatform(PlatformPlaceholderDatabaseDriverResolver.java:131) ~[spring-boot-2.6.4.jar:2.6.4]
	at org.springframework.boot.jdbc.init.PlatformPlaceholderDatabaseDriverResolver.lambda$resolveAll$0(PlatformPlaceholderDatabaseDriverResolver.java:96) ~[spring-boot-2.6.4.jar:2.6.4]
	at org.springframework.boot.jdbc.init.PlatformPlaceholderDatabaseDriverResolver.resolveAll(PlatformPlaceholderDatabaseDriverResolver.java:121) ~[spring-boot-2.6.4.jar:2.6.4]
	at org.springframework.boot.jdbc.init.PlatformPlaceholderDatabaseDriverResolver.resolveAll(PlatformPlaceholderDatabaseDriverResolver.java:96) ~[spring-boot-2.6.4.jar:2.6.4]
	at org.springframework.boot.autoconfigure.batch.BatchDataSourceScriptDatabaseInitializer.resolveSchemaLocations(BatchDataSourceScriptDatabaseInitializer.java:86) ~[spring-boot-autoconfigure-2.6.4.jar:2.6.4]
	at org.springframework.boot.autoconfigure.batch.BatchDataSourceScriptDatabaseInitializer.getSettings(BatchDataSourceScriptDatabaseInitializer.java:73) ~[spring-boot-autoconfigure-2.6.4.jar:2.6.4]
	at org.springframework.boot.autoconfigure.batch.BatchDataSourceScriptDatabaseInitializer.<init>(BatchDataSourceScriptDatabaseInitializer.java:48) ~[spring-boot-autoconfigure-2.6.4.jar:2.6.4]
	at org.springframework.boot.autoconfigure.batch.BatchAutoConfiguration$DataSourceInitializerConfiguration.batchDataSourceInitializer(BatchAutoConfiguration.java:117) ~[spring-boot-autoconfigure-2.6.4.jar:2.6.4]
	at jdk.internal.reflect.NativeMethodAccessorImpl.invoke0(Native Method) ~[?:?]
	at jdk.internal.reflect.NativeMethodAccessorImpl.invoke(NativeMethodAccessorImpl.java:62) ~[?:?]
	at jdk.internal.reflect.DelegatingMethodAccessorImpl.invoke(DelegatingMethodAccessorImpl.java:43) ~[?:?]
	at java.lang.reflect.Method.invoke(Method.java:566) ~[?:?]
	at org.springframework.beans.factory.support.SimpleInstantiationStrategy.instantiate(SimpleInstantiationStrategy.java:154) ~[spring-beans-5.3.16.jar:5.3.16]
	at org.springframework.beans.factory.support.ConstructorResolver.instantiate(ConstructorResolver.java:653) ~[spring-beans-5.3.16.jar:5.3.16]
	at org.springframework.beans.factory.support.ConstructorResolver.instantiateUsingFactoryMethod(ConstructorResolver.java:638) ~[spring-beans-5.3.16.jar:5.3.16]
	at org.springframework.beans.factory.support.AbstractAutowireCapableBeanFactory.instantiateUsingFactoryMethod(AbstractAutowireCapableBeanFactory.java:1352) ~[spring-beans-5.3.16.jar:5.3.16]
	at org.springframework.beans.factory.support.AbstractAutowireCapableBeanFactory.createBeanInstance(AbstractAutowireCapableBeanFactory.java:1195) ~[spring-beans-5.3.16.jar:5.3.16]
	at org.springframework.beans.factory.support.AbstractAutowireCapableBeanFactory.doCreateBean(AbstractAutowireCapableBeanFactory.java:582) ~[spring-beans-5.3.16.jar:5.3.16]
	at org.springframework.beans.factory.support.AbstractAutowireCapableBeanFactory.createBean(AbstractAutowireCapableBeanFactory.java:542) ~[spring-beans-5.3.16.jar:5.3.16]
	at org.springframework.beans.factory.support.AbstractBeanFactory.lambda$doGetBean$0(AbstractBeanFactory.java:335) ~[spring-beans-5.3.16.jar:5.3.16]
	at org.springframework.beans.factory.support.DefaultSingletonBeanRegistry.getSingleton(DefaultSingletonBeanRegistry.java:234) [spring-beans-5.3.16.jar:5.3.16]
	at org.springframework.beans.factory.support.AbstractBeanFactory.doGetBean(AbstractBeanFactory.java:333) [spring-beans-5.3.16.jar:5.3.16]
	at org.springframework.beans.factory.support.AbstractBeanFactory.getBean(AbstractBeanFactory.java:208) [spring-beans-5.3.16.jar:5.3.16]
	at org.springframework.beans.factory.support.AbstractBeanFactory.doGetBean(AbstractBeanFactory.java:322) [spring-beans-5.3.16.jar:5.3.16]
	at org.springframework.beans.factory.support.AbstractBeanFactory.getBean(AbstractBeanFactory.java:208) [spring-beans-5.3.16.jar:5.3.16]
	at org.springframework.beans.factory.support.DefaultListableBeanFactory.preInstantiateSingletons(DefaultListableBeanFactory.java:953) [spring-beans-5.3.16.jar:5.3.16]
	at org.springframework.context.support.AbstractApplicationContext.finishBeanFactoryInitialization(AbstractApplicationContext.java:918) [spring-context-5.3.16.jar:5.3.16]
	at org.springframework.context.support.AbstractApplicationContext.refresh(AbstractApplicationContext.java:583) [spring-context-5.3.16.jar:5.3.16]
	at org.springframework.boot.SpringApplication.refresh(SpringApplication.java:740) [spring-boot-2.6.4.jar:2.6.4]
	at org.springframework.boot.SpringApplication.refreshContext(SpringApplication.java:415) [spring-boot-2.6.4.jar:2.6.4]
	at org.springframework.boot.SpringApplication.run(SpringApplication.java:303) [spring-boot-2.6.4.jar:2.6.4]
	at org.springframework.boot.SpringApplication.run(SpringApplication.java:1312) [spring-boot-2.6.4.jar:2.6.4]
	at org.springframework.boot.SpringApplication.run(SpringApplication.java:1301) [spring-boot-2.6.4.jar:2.6.4]
	at com.example.primeiroprojetospringbatch.PrimeiroprojetospringbatchApplication.main(PrimeiroprojetospringbatchApplication.java:10) [classes/:?]
Caused by: com.mysql.cj.exceptions.CJCommunicationsException: Communications link failure

The last packet sent successfully to the server was 0 milliseconds ago. The driver has not received any packets from the server.
	at jdk.internal.reflect.NativeConstructorAccessorImpl.newInstance0(Native Method) ~[?:?]
	at jdk.internal.reflect.NativeConstructorAccessorImpl.newInstance(NativeConstructorAccessorImpl.java:62) ~[?:?]
	at jdk.internal.reflect.DelegatingConstructorAccessorImpl.newInstance(DelegatingConstructorAccessorImpl.java:45) ~[?:?]
	at java.lang.reflect.Constructor.newInstance(Constructor.java:490) ~[?:?]
	at com.mysql.cj.exceptions.ExceptionFactory.createException(ExceptionFactory.java:61) ~[mysql-connector-java-8.0.23.jar:8.0.23]
	at com.mysql.cj.exceptions.ExceptionFactory.createException(ExceptionFactory.java:105) ~[mysql-connector-java-8.0.23.jar:8.0.23]
	at com.mysql.cj.exceptions.ExceptionFactory.createException(ExceptionFactory.java:151) ~[mysql-connector-java-8.0.23.jar:8.0.23]
	at com.mysql.cj.exceptions.ExceptionFactory.createCommunicationsException(ExceptionFactory.java:167) ~[mysql-connector-java-8.0.23.jar:8.0.23]
	at com.mysql.cj.protocol.a.NativeSocketConnection.connect(NativeSocketConnection.java:89) ~[mysql-connector-java-8.0.23.jar:8.0.23]
	at com.mysql.cj.NativeSession.connect(NativeSession.java:144) ~[mysql-connector-java-8.0.23.jar:8.0.23]
	at com.mysql.cj.jdbc.ConnectionImpl.connectOneTryOnly(ConnectionImpl.java:953) ~[mysql-connector-java-8.0.23.jar:8.0.23]
	at com.mysql.cj.jdbc.ConnectionImpl.createNewIO(ConnectionImpl.java:823) ~[mysql-connector-java-8.0.23.jar:8.0.23]
	... 50 more
Caused by: java.net.ConnectException: Connection refused: connect
	at java.net.PlainSocketImpl.waitForConnect(Native Method) ~[?:?]
	at java.net.PlainSocketImpl.socketConnect(PlainSocketImpl.java:107) ~[?:?]
	at java.net.AbstractPlainSocketImpl.doConnect(AbstractPlainSocketImpl.java:412) ~[?:?]
	at java.net.AbstractPlainSocketImpl.connectToAddress(AbstractPlainSocketImpl.java:255) ~[?:?]
	at java.net.AbstractPlainSocketImpl.connect(AbstractPlainSocketImpl.java:237) ~[?:?]
	at java.net.SocksSocketImpl.connect(SocksSocketImpl.java:392) ~[?:?]
	at java.net.Socket.connect(Socket.java:608) ~[?:?]
	at com.mysql.cj.protocol.StandardSocketFactory.connect(StandardSocketFactory.java:155) ~[mysql-connector-java-8.0.23.jar:8.0.23]
	at com.mysql.cj.protocol.a.NativeSocketConnection.connect(NativeSocketConnection.java:63) ~[mysql-connector-java-8.0.23.jar:8.0.23]
	at com.mysql.cj.NativeSession.connect(NativeSession.java:144) ~[mysql-connector-java-8.0.23.jar:8.0.23]
	at com.mysql.cj.jdbc.ConnectionImpl.connectOneTryOnly(ConnectionImpl.java:953) ~[mysql-connector-java-8.0.23.jar:8.0.23]
	at com.mysql.cj.jdbc.ConnectionImpl.createNewIO(ConnectionImpl.java:823) ~[mysql-connector-java-8.0.23.jar:8.0.23]
	... 50 more
2022-03-18 14:42:04,176 WARN o.s.c.a.AnnotationConfigApplicationContext [main] Exception encountered during context initialization - cancelling refresh attempt: org.springframework.beans.factory.BeanCreationException: Error creating bean with name 'batchDataSourceInitializer' defined in class path resource [org/springframework/boot/autoconfigure/batch/BatchAutoConfiguration$DataSourceInitializerConfiguration.class]: Bean instantiation via factory method failed; nested exception is org.springframework.beans.BeanInstantiationException: Failed to instantiate [org.springframework.boot.autoconfigure.batch.BatchDataSourceScriptDatabaseInitializer]: Factory method 'batchDataSourceInitializer' threw exception; nested exception is java.lang.IllegalStateException: Unable to detect database type
2022-03-18 14:45:11,249 INFO c.e.p.PrimeiroprojetospringbatchApplication [main] Starting PrimeiroprojetospringbatchApplication using Java 11.0.14 on BRPC014081 with PID 9784 (C:\ws-developer\spring-java\primeiroprojetospringbatch\target\classes started by domk in C:\ws-developer\spring-java\primeiroprojetospringbatch)
2022-03-18 14:45:11,253 INFO c.e.p.PrimeiroprojetospringbatchApplication [main] No active profile set, falling back to 1 default profile: "default"
2022-03-18 14:45:12,013 INFO o.s.c.a.ConfigurationClassEnhancer [main] @Bean method PropertiesConfig.configurarPropriedades is non-static and returns an object assignable to Spring's BeanFactoryPostProcessor interface. This will result in a failure to process annotations such as @Autowired, @Resource and @PostConstruct within the method's declaring @Configuration class. Add the 'static' modifier to this method to avoid these container lifecycle issues; see @Bean javadoc for complete details.
2022-03-18 14:45:12,265 INFO c.z.h.HikariDataSource [main] HikariPool-1 - Starting...
2022-03-18 14:45:13,129 INFO c.z.h.HikariDataSource [main] HikariPool-1 - Start completed.
2022-03-18 14:45:13,228 WARN o.s.c.a.AnnotationConfigApplicationContext [main] Exception encountered during context initialization - cancelling refresh attempt: org.springframework.beans.factory.UnsatisfiedDependencyException: Error creating bean with name 'arquivoLarguraFixaJobConfig' defined in class path resource [com/example/primeiroprojetospringbatch/job/ArquivoLarguraFixaJob.class]: Unsatisfied dependency expressed through method 'arquivoLarguraFixaJobConfig' parameter 0; nested exception is org.springframework.beans.factory.NoUniqueBeanDefinitionException: No qualifying bean of type 'org.springframework.batch.core.Step' available: expected single matching bean but found 2: arquivoLarguraFixaSetp,imprimeOlaStep
2022-03-18 14:45:13,228 INFO c.z.h.HikariDataSource [main] HikariPool-1 - Shutdown initiated...
2022-03-18 14:45:13,237 INFO c.z.h.HikariDataSource [main] HikariPool-1 - Shutdown completed.
2022-03-18 14:52:55,283 INFO c.e.p.PrimeiroprojetospringbatchApplication [main] Starting PrimeiroprojetospringbatchApplication using Java 11.0.14 on BRPC014081 with PID 20444 (C:\ws-developer\spring-java\primeiroprojetospringbatch\target\classes started by domk in C:\ws-developer\spring-java\primeiroprojetospringbatch)
2022-03-18 14:52:55,290 INFO c.e.p.PrimeiroprojetospringbatchApplication [main] No active profile set, falling back to 1 default profile: "default"
2022-03-18 14:52:55,971 INFO o.s.c.a.ConfigurationClassEnhancer [main] @Bean method PropertiesConfig.configurarPropriedades is non-static and returns an object assignable to Spring's BeanFactoryPostProcessor interface. This will result in a failure to process annotations such as @Autowired, @Resource and @PostConstruct within the method's declaring @Configuration class. Add the 'static' modifier to this method to avoid these container lifecycle issues; see @Bean javadoc for complete details.
2022-03-18 14:52:56,212 INFO c.z.h.HikariDataSource [main] HikariPool-1 - Starting...
2022-03-18 14:52:56,937 INFO c.z.h.HikariDataSource [main] HikariPool-1 - Start completed.
2022-03-18 14:52:57,020 WARN o.s.c.a.AnnotationConfigApplicationContext [main] Exception encountered during context initialization - cancelling refresh attempt: org.springframework.beans.factory.UnsatisfiedDependencyException: Error creating bean with name 'arquivoLarguraFixaJobConfig' defined in class path resource [com/example/primeiroprojetospringbatch/job/ArquivoLarguraFixaJob.class]: Unsatisfied dependency expressed through method 'arquivoLarguraFixaJobConfig' parameter 0; nested exception is org.springframework.beans.factory.NoUniqueBeanDefinitionException: No qualifying bean of type 'org.springframework.batch.core.Step' available: expected single matching bean but found 2: ArquivoLarguraFixaStep,imprimeOlaStep
2022-03-18 14:52:57,023 INFO c.z.h.HikariDataSource [main] HikariPool-1 - Shutdown initiated...
2022-03-18 14:52:57,030 INFO c.z.h.HikariDataSource [main] HikariPool-1 - Shutdown completed.
2022-03-18 14:54:06,091 INFO c.e.p.PrimeiroprojetospringbatchApplication [main] Starting PrimeiroprojetospringbatchApplication using Java 11.0.14 on BRPC014081 with PID 8372 (C:\ws-developer\spring-java\primeiroprojetospringbatch\target\classes started by domk in C:\ws-developer\spring-java\primeiroprojetospringbatch)
2022-03-18 14:54:06,096 INFO c.e.p.PrimeiroprojetospringbatchApplication [main] No active profile set, falling back to 1 default profile: "default"
2022-03-18 14:54:06,741 INFO o.s.c.a.ConfigurationClassEnhancer [main] @Bean method PropertiesConfig.configurarPropriedades is non-static and returns an object assignable to Spring's BeanFactoryPostProcessor interface. This will result in a failure to process annotations such as @Autowired, @Resource and @PostConstruct within the method's declaring @Configuration class. Add the 'static' modifier to this method to avoid these container lifecycle issues; see @Bean javadoc for complete details.
2022-03-18 14:54:06,969 INFO c.z.h.HikariDataSource [main] HikariPool-1 - Starting...
2022-03-18 14:54:07,751 INFO c.z.h.HikariDataSource [main] HikariPool-1 - Start completed.
2022-03-18 14:54:07,994 INFO o.s.b.c.r.s.JobRepositoryFactoryBean [main] No database type set, using meta data indicating: MYSQL
2022-03-18 14:54:08,397 INFO o.s.b.c.l.s.SimpleJobLauncher [main] No TaskExecutor has been set, defaulting to synchronous executor.
2022-03-18 14:54:08,515 INFO c.e.p.PrimeiroprojetospringbatchApplication [main] Started PrimeiroprojetospringbatchApplication in 3.365 seconds (JVM running for 4.211)
2022-03-18 14:54:08,691 INFO o.s.b.c.l.s.SimpleJobLauncher [main] Job: [SimpleJob: [name=jobBuilderFactory]] launched with the following parameters: [{run.id=1}]
2022-03-18 14:54:08,778 INFO o.s.b.c.j.SimpleStepHandler [main] Executing step: [ArquivoLarguraFixaStep]
2022-03-18 14:54:08,829 ERROR o.s.b.c.s.AbstractStep [main] Encountered an error executing step ArquivoLarguraFixaStep in job jobBuilderFactory
org.springframework.batch.item.file.FlatFileParseException: Parsing error at line: 1 in resource=[file [C:\ws-developer\spring-java\primeiroprojetospringbatch\externalizada\clientesLarguraFixa.txt]], input=[Bruna      Mucheniski     30  bruna@teste.com]
	at org.springframework.batch.item.file.FlatFileItemReader.doRead(FlatFileItemReader.java:189) ~[spring-batch-infrastructure-4.3.5.jar:4.3.5]
	at org.springframework.batch.item.support.AbstractItemCountingItemStreamItemReader.read(AbstractItemCountingItemStreamItemReader.java:93) ~[spring-batch-infrastructure-4.3.5.jar:4.3.5]
	at org.springframework.batch.core.step.item.SimpleChunkProvider.doRead(SimpleChunkProvider.java:99) ~[spring-batch-core-4.3.5.jar:4.3.5]
	at org.springframework.batch.core.step.item.SimpleChunkProvider.read(SimpleChunkProvider.java:180) ~[spring-batch-core-4.3.5.jar:4.3.5]
	at org.springframework.batch.core.step.item.SimpleChunkProvider$1.doInIteration(SimpleChunkProvider.java:126) ~[spring-batch-core-4.3.5.jar:4.3.5]
	at org.springframework.batch.repeat.support.RepeatTemplate.getNextResult(RepeatTemplate.java:375) ~[spring-batch-infrastructure-4.3.5.jar:4.3.5]
	at org.springframework.batch.repeat.support.RepeatTemplate.executeInternal(RepeatTemplate.java:215) ~[spring-batch-infrastructure-4.3.5.jar:4.3.5]
	at org.springframework.batch.repeat.support.RepeatTemplate.iterate(RepeatTemplate.java:145) ~[spring-batch-infrastructure-4.3.5.jar:4.3.5]
	at org.springframework.batch.core.step.item.SimpleChunkProvider.provide(SimpleChunkProvider.java:118) ~[spring-batch-core-4.3.5.jar:4.3.5]
	at org.springframework.batch.core.step.item.ChunkOrientedTasklet.execute(ChunkOrientedTasklet.java:71) ~[spring-batch-core-4.3.5.jar:4.3.5]
	at org.springframework.batch.core.step.tasklet.TaskletStep$ChunkTransactionCallback.doInTransaction(TaskletStep.java:407) ~[spring-batch-core-4.3.5.jar:4.3.5]
	at org.springframework.batch.core.step.tasklet.TaskletStep$ChunkTransactionCallback.doInTransaction(TaskletStep.java:331) ~[spring-batch-core-4.3.5.jar:4.3.5]
	at org.springframework.transaction.support.TransactionTemplate.execute(TransactionTemplate.java:140) ~[spring-tx-5.3.16.jar:5.3.16]
	at org.springframework.batch.core.step.tasklet.TaskletStep$2.doInChunkContext(TaskletStep.java:273) ~[spring-batch-core-4.3.5.jar:4.3.5]
	at org.springframework.batch.core.scope.context.StepContextRepeatCallback.doInIteration(StepContextRepeatCallback.java:82) ~[spring-batch-core-4.3.5.jar:4.3.5]
	at org.springframework.batch.repeat.support.RepeatTemplate.getNextResult(RepeatTemplate.java:375) ~[spring-batch-infrastructure-4.3.5.jar:4.3.5]
	at org.springframework.batch.repeat.support.RepeatTemplate.executeInternal(RepeatTemplate.java:215) ~[spring-batch-infrastructure-4.3.5.jar:4.3.5]
	at org.springframework.batch.repeat.support.RepeatTemplate.iterate(RepeatTemplate.java:145) ~[spring-batch-infrastructure-4.3.5.jar:4.3.5]
	at org.springframework.batch.core.step.tasklet.TaskletStep.doExecute(TaskletStep.java:258) ~[spring-batch-core-4.3.5.jar:4.3.5]
	at org.springframework.batch.core.step.AbstractStep.execute(AbstractStep.java:208) [spring-batch-core-4.3.5.jar:4.3.5]
	at org.springframework.batch.core.job.SimpleStepHandler.handleStep(SimpleStepHandler.java:152) [spring-batch-core-4.3.5.jar:4.3.5]
	at org.springframework.batch.core.job.AbstractJob.handleStep(AbstractJob.java:413) [spring-batch-core-4.3.5.jar:4.3.5]
	at org.springframework.batch.core.job.SimpleJob.doExecute(SimpleJob.java:136) [spring-batch-core-4.3.5.jar:4.3.5]
	at org.springframework.batch.core.job.AbstractJob.execute(AbstractJob.java:320) [spring-batch-core-4.3.5.jar:4.3.5]
	at org.springframework.batch.core.launch.support.SimpleJobLauncher$1.run(SimpleJobLauncher.java:149) [spring-batch-core-4.3.5.jar:4.3.5]
	at org.springframework.core.task.SyncTaskExecutor.execute(SyncTaskExecutor.java:50) [spring-core-5.3.16.jar:5.3.16]
	at org.springframework.batch.core.launch.support.SimpleJobLauncher.run(SimpleJobLauncher.java:140) [spring-batch-core-4.3.5.jar:4.3.5]
	at jdk.internal.reflect.NativeMethodAccessorImpl.invoke0(Native Method) ~[?:?]
	at jdk.internal.reflect.NativeMethodAccessorImpl.invoke(NativeMethodAccessorImpl.java:62) ~[?:?]
	at jdk.internal.reflect.DelegatingMethodAccessorImpl.invoke(DelegatingMethodAccessorImpl.java:43) ~[?:?]
	at java.lang.reflect.Method.invoke(Method.java:566) ~[?:?]
	at org.springframework.aop.support.AopUtils.invokeJoinpointUsingReflection(AopUtils.java:344) [spring-aop-5.3.16.jar:5.3.16]
	at org.springframework.aop.framework.ReflectiveMethodInvocation.invokeJoinpoint(ReflectiveMethodInvocation.java:198) [spring-aop-5.3.16.jar:5.3.16]
	at org.springframework.aop.framework.ReflectiveMethodInvocation.proceed(ReflectiveMethodInvocation.java:163) [spring-aop-5.3.16.jar:5.3.16]
	at org.springframework.batch.core.configuration.annotation.SimpleBatchConfiguration$PassthruAdvice.invoke(SimpleBatchConfiguration.java:128) [spring-batch-core-4.3.5.jar:4.3.5]
	at org.springframework.aop.framework.ReflectiveMethodInvocation.proceed(ReflectiveMethodInvocation.java:186) [spring-aop-5.3.16.jar:5.3.16]
	at org.springframework.aop.framework.JdkDynamicAopProxy.invoke(JdkDynamicAopProxy.java:215) [spring-aop-5.3.16.jar:5.3.16]
	at com.sun.proxy.$Proxy64.run(Unknown Source) [?:?]
	at org.springframework.boot.autoconfigure.batch.JobLauncherApplicationRunner.execute(JobLauncherApplicationRunner.java:199) [spring-boot-autoconfigure-2.6.4.jar:2.6.4]
	at org.springframework.boot.autoconfigure.batch.JobLauncherApplicationRunner.executeLocalJobs(JobLauncherApplicationRunner.java:173) [spring-boot-autoconfigure-2.6.4.jar:2.6.4]
	at org.springframework.boot.autoconfigure.batch.JobLauncherApplicationRunner.launchJobFromProperties(JobLauncherApplicationRunner.java:160) [spring-boot-autoconfigure-2.6.4.jar:2.6.4]
	at org.springframework.boot.autoconfigure.batch.JobLauncherApplicationRunner.run(JobLauncherApplicationRunner.java:155) [spring-boot-autoconfigure-2.6.4.jar:2.6.4]
	at org.springframework.boot.autoconfigure.batch.JobLauncherApplicationRunner.run(JobLauncherApplicationRunner.java:150) [spring-boot-autoconfigure-2.6.4.jar:2.6.4]
	at org.springframework.boot.SpringApplication.callRunner(SpringApplication.java:768) [spring-boot-2.6.4.jar:2.6.4]
	at org.springframework.boot.SpringApplication.callRunners(SpringApplication.java:758) [spring-boot-2.6.4.jar:2.6.4]
	at org.springframework.boot.SpringApplication.run(SpringApplication.java:310) [spring-boot-2.6.4.jar:2.6.4]
	at org.springframework.boot.SpringApplication.run(SpringApplication.java:1312) [spring-boot-2.6.4.jar:2.6.4]
	at org.springframework.boot.SpringApplication.run(SpringApplication.java:1301) [spring-boot-2.6.4.jar:2.6.4]
	at com.example.primeiroprojetospringbatch.PrimeiroprojetospringbatchApplication.main(PrimeiroprojetospringbatchApplication.java:10) [classes/:?]
Caused by: org.springframework.batch.item.file.transform.IncorrectLineLengthException: Line is shorter than max range 51
	at org.springframework.batch.item.file.transform.FixedLengthTokenizer.doTokenize(FixedLengthTokenizer.java:109) ~[spring-batch-infrastructure-4.3.5.jar:4.3.5]
	at org.springframework.batch.item.file.transform.AbstractLineTokenizer.tokenize(AbstractLineTokenizer.java:130) ~[spring-batch-infrastructure-4.3.5.jar:4.3.5]
	at org.springframework.batch.item.file.mapping.DefaultLineMapper.mapLine(DefaultLineMapper.java:43) ~[spring-batch-infrastructure-4.3.5.jar:4.3.5]
	at org.springframework.batch.item.file.FlatFileItemReader.doRead(FlatFileItemReader.java:185) ~[spring-batch-infrastructure-4.3.5.jar:4.3.5]
	... 48 more
2022-03-18 14:54:08,845 INFO o.s.b.c.s.AbstractStep [main] Step: [ArquivoLarguraFixaStep] executed in 66ms
2022-03-18 14:54:08,880 INFO o.s.b.c.l.s.SimpleJobLauncher [main] Job: [SimpleJob: [name=jobBuilderFactory]] completed with the following parameters: [{run.id=1}] and the following status: [FAILED] in 145ms
2022-03-18 14:54:08,886 INFO c.z.h.HikariDataSource [SpringApplicationShutdownHook] HikariPool-1 - Shutdown initiated...
2022-03-18 14:54:08,908 INFO c.z.h.HikariDataSource [SpringApplicationShutdownHook] HikariPool-1 - Shutdown completed.
2022-03-18 14:54:51,421 INFO c.e.p.PrimeiroprojetospringbatchApplication [main] Starting PrimeiroprojetospringbatchApplication using Java 11.0.14 on BRPC014081 with PID 11216 (C:\ws-developer\spring-java\primeiroprojetospringbatch\target\classes started by domk in C:\ws-developer\spring-java\primeiroprojetospringbatch)
2022-03-18 14:54:51,426 INFO c.e.p.PrimeiroprojetospringbatchApplication [main] No active profile set, falling back to 1 default profile: "default"
2022-03-18 14:54:52,073 INFO o.s.c.a.ConfigurationClassEnhancer [main] @Bean method PropertiesConfig.configurarPropriedades is non-static and returns an object assignable to Spring's BeanFactoryPostProcessor interface. This will result in a failure to process annotations such as @Autowired, @Resource and @PostConstruct within the method's declaring @Configuration class. Add the 'static' modifier to this method to avoid these container lifecycle issues; see @Bean javadoc for complete details.
2022-03-18 14:54:52,305 INFO c.z.h.HikariDataSource [main] HikariPool-1 - Starting...
2022-03-18 14:54:53,032 INFO c.z.h.HikariDataSource [main] HikariPool-1 - Start completed.
2022-03-18 14:54:53,272 INFO o.s.b.c.r.s.JobRepositoryFactoryBean [main] No database type set, using meta data indicating: MYSQL
2022-03-18 14:54:53,630 INFO o.s.b.c.l.s.SimpleJobLauncher [main] No TaskExecutor has been set, defaulting to synchronous executor.
2022-03-18 14:54:53,802 INFO c.e.p.PrimeiroprojetospringbatchApplication [main] Started PrimeiroprojetospringbatchApplication in 3.326 seconds (JVM running for 4.169)
2022-03-18 14:54:54,033 INFO o.s.b.c.l.s.SimpleJobLauncher [main] Job: [SimpleJob: [name=jobBuilderFactory]] launched with the following parameters: [{run.id=2}]
2022-03-18 14:54:54,169 INFO o.s.b.c.j.SimpleStepHandler [main] Executing step: [ArquivoLarguraFixaStep]
2022-03-18 14:54:54,239 ERROR o.s.b.c.s.AbstractStep [main] Encountered an error executing step ArquivoLarguraFixaStep in job jobBuilderFactory
org.springframework.batch.item.file.FlatFileParseException: Parsing error at line: 1 in resource=[file [C:\ws-developer\spring-java\primeiroprojetospringbatch\externalizada\clientesLarguraFixa.txt]], input=[Bruna      Mucheniski     30  bruna@teste.com]
	at org.springframework.batch.item.file.FlatFileItemReader.doRead(FlatFileItemReader.java:189) ~[spring-batch-infrastructure-4.3.5.jar:4.3.5]
	at org.springframework.batch.item.support.AbstractItemCountingItemStreamItemReader.read(AbstractItemCountingItemStreamItemReader.java:93) ~[spring-batch-infrastructure-4.3.5.jar:4.3.5]
	at org.springframework.batch.core.step.item.SimpleChunkProvider.doRead(SimpleChunkProvider.java:99) ~[spring-batch-core-4.3.5.jar:4.3.5]
	at org.springframework.batch.core.step.item.SimpleChunkProvider.read(SimpleChunkProvider.java:180) ~[spring-batch-core-4.3.5.jar:4.3.5]
	at org.springframework.batch.core.step.item.SimpleChunkProvider$1.doInIteration(SimpleChunkProvider.java:126) ~[spring-batch-core-4.3.5.jar:4.3.5]
	at org.springframework.batch.repeat.support.RepeatTemplate.getNextResult(RepeatTemplate.java:375) ~[spring-batch-infrastructure-4.3.5.jar:4.3.5]
	at org.springframework.batch.repeat.support.RepeatTemplate.executeInternal(RepeatTemplate.java:215) ~[spring-batch-infrastructure-4.3.5.jar:4.3.5]
	at org.springframework.batch.repeat.support.RepeatTemplate.iterate(RepeatTemplate.java:145) ~[spring-batch-infrastructure-4.3.5.jar:4.3.5]
	at org.springframework.batch.core.step.item.SimpleChunkProvider.provide(SimpleChunkProvider.java:118) ~[spring-batch-core-4.3.5.jar:4.3.5]
	at org.springframework.batch.core.step.item.ChunkOrientedTasklet.execute(ChunkOrientedTasklet.java:71) ~[spring-batch-core-4.3.5.jar:4.3.5]
	at org.springframework.batch.core.step.tasklet.TaskletStep$ChunkTransactionCallback.doInTransaction(TaskletStep.java:407) ~[spring-batch-core-4.3.5.jar:4.3.5]
	at org.springframework.batch.core.step.tasklet.TaskletStep$ChunkTransactionCallback.doInTransaction(TaskletStep.java:331) ~[spring-batch-core-4.3.5.jar:4.3.5]
	at org.springframework.transaction.support.TransactionTemplate.execute(TransactionTemplate.java:140) ~[spring-tx-5.3.16.jar:5.3.16]
	at org.springframework.batch.core.step.tasklet.TaskletStep$2.doInChunkContext(TaskletStep.java:273) ~[spring-batch-core-4.3.5.jar:4.3.5]
	at org.springframework.batch.core.scope.context.StepContextRepeatCallback.doInIteration(StepContextRepeatCallback.java:82) ~[spring-batch-core-4.3.5.jar:4.3.5]
	at org.springframework.batch.repeat.support.RepeatTemplate.getNextResult(RepeatTemplate.java:375) ~[spring-batch-infrastructure-4.3.5.jar:4.3.5]
	at org.springframework.batch.repeat.support.RepeatTemplate.executeInternal(RepeatTemplate.java:215) ~[spring-batch-infrastructure-4.3.5.jar:4.3.5]
	at org.springframework.batch.repeat.support.RepeatTemplate.iterate(RepeatTemplate.java:145) ~[spring-batch-infrastructure-4.3.5.jar:4.3.5]
	at org.springframework.batch.core.step.tasklet.TaskletStep.doExecute(TaskletStep.java:258) ~[spring-batch-core-4.3.5.jar:4.3.5]
	at org.springframework.batch.core.step.AbstractStep.execute(AbstractStep.java:208) [spring-batch-core-4.3.5.jar:4.3.5]
	at org.springframework.batch.core.job.SimpleStepHandler.handleStep(SimpleStepHandler.java:152) [spring-batch-core-4.3.5.jar:4.3.5]
	at org.springframework.batch.core.job.AbstractJob.handleStep(AbstractJob.java:413) [spring-batch-core-4.3.5.jar:4.3.5]
	at org.springframework.batch.core.job.SimpleJob.doExecute(SimpleJob.java:136) [spring-batch-core-4.3.5.jar:4.3.5]
	at org.springframework.batch.core.job.AbstractJob.execute(AbstractJob.java:320) [spring-batch-core-4.3.5.jar:4.3.5]
	at org.springframework.batch.core.launch.support.SimpleJobLauncher$1.run(SimpleJobLauncher.java:149) [spring-batch-core-4.3.5.jar:4.3.5]
	at org.springframework.core.task.SyncTaskExecutor.execute(SyncTaskExecutor.java:50) [spring-core-5.3.16.jar:5.3.16]
	at org.springframework.batch.core.launch.support.SimpleJobLauncher.run(SimpleJobLauncher.java:140) [spring-batch-core-4.3.5.jar:4.3.5]
	at jdk.internal.reflect.NativeMethodAccessorImpl.invoke0(Native Method) ~[?:?]
	at jdk.internal.reflect.NativeMethodAccessorImpl.invoke(NativeMethodAccessorImpl.java:62) ~[?:?]
	at jdk.internal.reflect.DelegatingMethodAccessorImpl.invoke(DelegatingMethodAccessorImpl.java:43) ~[?:?]
	at java.lang.reflect.Method.invoke(Method.java:566) ~[?:?]
	at org.springframework.aop.support.AopUtils.invokeJoinpointUsingReflection(AopUtils.java:344) [spring-aop-5.3.16.jar:5.3.16]
	at org.springframework.aop.framework.ReflectiveMethodInvocation.invokeJoinpoint(ReflectiveMethodInvocation.java:198) [spring-aop-5.3.16.jar:5.3.16]
	at org.springframework.aop.framework.ReflectiveMethodInvocation.proceed(ReflectiveMethodInvocation.java:163) [spring-aop-5.3.16.jar:5.3.16]
	at org.springframework.batch.core.configuration.annotation.SimpleBatchConfiguration$PassthruAdvice.invoke(SimpleBatchConfiguration.java:128) [spring-batch-core-4.3.5.jar:4.3.5]
	at org.springframework.aop.framework.ReflectiveMethodInvocation.proceed(ReflectiveMethodInvocation.java:186) [spring-aop-5.3.16.jar:5.3.16]
	at org.springframework.aop.framework.JdkDynamicAopProxy.invoke(JdkDynamicAopProxy.java:215) [spring-aop-5.3.16.jar:5.3.16]
	at com.sun.proxy.$Proxy64.run(Unknown Source) [?:?]
	at org.springframework.boot.autoconfigure.batch.JobLauncherApplicationRunner.execute(JobLauncherApplicationRunner.java:199) [spring-boot-autoconfigure-2.6.4.jar:2.6.4]
	at org.springframework.boot.autoconfigure.batch.JobLauncherApplicationRunner.executeLocalJobs(JobLauncherApplicationRunner.java:173) [spring-boot-autoconfigure-2.6.4.jar:2.6.4]
	at org.springframework.boot.autoconfigure.batch.JobLauncherApplicationRunner.launchJobFromProperties(JobLauncherApplicationRunner.java:160) [spring-boot-autoconfigure-2.6.4.jar:2.6.4]
	at org.springframework.boot.autoconfigure.batch.JobLauncherApplicationRunner.run(JobLauncherApplicationRunner.java:155) [spring-boot-autoconfigure-2.6.4.jar:2.6.4]
	at org.springframework.boot.autoconfigure.batch.JobLauncherApplicationRunner.run(JobLauncherApplicationRunner.java:150) [spring-boot-autoconfigure-2.6.4.jar:2.6.4]
	at org.springframework.boot.SpringApplication.callRunner(SpringApplication.java:768) [spring-boot-2.6.4.jar:2.6.4]
	at org.springframework.boot.SpringApplication.callRunners(SpringApplication.java:758) [spring-boot-2.6.4.jar:2.6.4]
	at org.springframework.boot.SpringApplication.run(SpringApplication.java:310) [spring-boot-2.6.4.jar:2.6.4]
	at org.springframework.boot.SpringApplication.run(SpringApplication.java:1312) [spring-boot-2.6.4.jar:2.6.4]
	at org.springframework.boot.SpringApplication.run(SpringApplication.java:1301) [spring-boot-2.6.4.jar:2.6.4]
	at com.example.primeiroprojetospringbatch.PrimeiroprojetospringbatchApplication.main(PrimeiroprojetospringbatchApplication.java:10) [classes/:?]
Caused by: org.springframework.batch.item.file.transform.IncorrectLineLengthException: Line is shorter than max range 50
	at org.springframework.batch.item.file.transform.FixedLengthTokenizer.doTokenize(FixedLengthTokenizer.java:109) ~[spring-batch-infrastructure-4.3.5.jar:4.3.5]
	at org.springframework.batch.item.file.transform.AbstractLineTokenizer.tokenize(AbstractLineTokenizer.java:130) ~[spring-batch-infrastructure-4.3.5.jar:4.3.5]
	at org.springframework.batch.item.file.mapping.DefaultLineMapper.mapLine(DefaultLineMapper.java:43) ~[spring-batch-infrastructure-4.3.5.jar:4.3.5]
	at org.springframework.batch.item.file.FlatFileItemReader.doRead(FlatFileItemReader.java:185) ~[spring-batch-infrastructure-4.3.5.jar:4.3.5]
	... 48 more
2022-03-18 14:54:54,268 INFO o.s.b.c.s.AbstractStep [main] Step: [ArquivoLarguraFixaStep] executed in 98ms
2022-03-18 14:54:54,330 INFO o.s.b.c.l.s.SimpleJobLauncher [main] Job: [SimpleJob: [name=jobBuilderFactory]] completed with the following parameters: [{run.id=2}] and the following status: [FAILED] in 240ms
2022-03-18 14:54:54,346 INFO c.z.h.HikariDataSource [SpringApplicationShutdownHook] HikariPool-1 - Shutdown initiated...
2022-03-18 14:54:54,370 INFO c.z.h.HikariDataSource [SpringApplicationShutdownHook] HikariPool-1 - Shutdown completed.
2022-03-18 14:55:32,355 INFO c.e.p.PrimeiroprojetospringbatchApplication [main] Starting PrimeiroprojetospringbatchApplication using Java 11.0.14 on BRPC014081 with PID 18620 (C:\ws-developer\spring-java\primeiroprojetospringbatch\target\classes started by domk in C:\ws-developer\spring-java\primeiroprojetospringbatch)
2022-03-18 14:55:32,361 INFO c.e.p.PrimeiroprojetospringbatchApplication [main] No active profile set, falling back to 1 default profile: "default"
2022-03-18 14:55:33,051 INFO o.s.c.a.ConfigurationClassEnhancer [main] @Bean method PropertiesConfig.configurarPropriedades is non-static and returns an object assignable to Spring's BeanFactoryPostProcessor interface. This will result in a failure to process annotations such as @Autowired, @Resource and @PostConstruct within the method's declaring @Configuration class. Add the 'static' modifier to this method to avoid these container lifecycle issues; see @Bean javadoc for complete details.
2022-03-18 14:55:33,275 INFO c.z.h.HikariDataSource [main] HikariPool-1 - Starting...
2022-03-18 14:55:34,020 INFO c.z.h.HikariDataSource [main] HikariPool-1 - Start completed.
2022-03-18 14:55:34,254 INFO o.s.b.c.r.s.JobRepositoryFactoryBean [main] No database type set, using meta data indicating: MYSQL
2022-03-18 14:55:34,577 INFO o.s.b.c.l.s.SimpleJobLauncher [main] No TaskExecutor has been set, defaulting to synchronous executor.
2022-03-18 14:55:34,695 INFO c.e.p.PrimeiroprojetospringbatchApplication [main] Started PrimeiroprojetospringbatchApplication in 3.24 seconds (JVM running for 4.098)
2022-03-18 14:55:34,906 INFO o.s.b.c.l.s.SimpleJobLauncher [main] Job: [SimpleJob: [name=jobBuilderFactory]] launched with the following parameters: [{run.id=3}]
2022-03-18 14:55:34,982 INFO o.s.b.c.j.SimpleStepHandler [main] Executing step: [ArquivoLarguraFixaStep]
2022-03-18 14:55:35,029 ERROR o.s.b.c.s.AbstractStep [main] Encountered an error executing step ArquivoLarguraFixaStep in job jobBuilderFactory
org.springframework.batch.item.file.FlatFileParseException: Parsing error at line: 1 in resource=[file [C:\ws-developer\spring-java\primeiroprojetospringbatch\externalizada\clientesLarguraFixa.txt]], input=[Bruna      Mucheniski     30  bruna@teste.com]
	at org.springframework.batch.item.file.FlatFileItemReader.doRead(FlatFileItemReader.java:189) ~[spring-batch-infrastructure-4.3.5.jar:4.3.5]
	at org.springframework.batch.item.support.AbstractItemCountingItemStreamItemReader.read(AbstractItemCountingItemStreamItemReader.java:93) ~[spring-batch-infrastructure-4.3.5.jar:4.3.5]
	at org.springframework.batch.core.step.item.SimpleChunkProvider.doRead(SimpleChunkProvider.java:99) ~[spring-batch-core-4.3.5.jar:4.3.5]
	at org.springframework.batch.core.step.item.SimpleChunkProvider.read(SimpleChunkProvider.java:180) ~[spring-batch-core-4.3.5.jar:4.3.5]
	at org.springframework.batch.core.step.item.SimpleChunkProvider$1.doInIteration(SimpleChunkProvider.java:126) ~[spring-batch-core-4.3.5.jar:4.3.5]
	at org.springframework.batch.repeat.support.RepeatTemplate.getNextResult(RepeatTemplate.java:375) ~[spring-batch-infrastructure-4.3.5.jar:4.3.5]
	at org.springframework.batch.repeat.support.RepeatTemplate.executeInternal(RepeatTemplate.java:215) ~[spring-batch-infrastructure-4.3.5.jar:4.3.5]
	at org.springframework.batch.repeat.support.RepeatTemplate.iterate(RepeatTemplate.java:145) ~[spring-batch-infrastructure-4.3.5.jar:4.3.5]
	at org.springframework.batch.core.step.item.SimpleChunkProvider.provide(SimpleChunkProvider.java:118) ~[spring-batch-core-4.3.5.jar:4.3.5]
	at org.springframework.batch.core.step.item.ChunkOrientedTasklet.execute(ChunkOrientedTasklet.java:71) ~[spring-batch-core-4.3.5.jar:4.3.5]
	at org.springframework.batch.core.step.tasklet.TaskletStep$ChunkTransactionCallback.doInTransaction(TaskletStep.java:407) ~[spring-batch-core-4.3.5.jar:4.3.5]
	at org.springframework.batch.core.step.tasklet.TaskletStep$ChunkTransactionCallback.doInTransaction(TaskletStep.java:331) ~[spring-batch-core-4.3.5.jar:4.3.5]
	at org.springframework.transaction.support.TransactionTemplate.execute(TransactionTemplate.java:140) ~[spring-tx-5.3.16.jar:5.3.16]
	at org.springframework.batch.core.step.tasklet.TaskletStep$2.doInChunkContext(TaskletStep.java:273) ~[spring-batch-core-4.3.5.jar:4.3.5]
	at org.springframework.batch.core.scope.context.StepContextRepeatCallback.doInIteration(StepContextRepeatCallback.java:82) ~[spring-batch-core-4.3.5.jar:4.3.5]
	at org.springframework.batch.repeat.support.RepeatTemplate.getNextResult(RepeatTemplate.java:375) ~[spring-batch-infrastructure-4.3.5.jar:4.3.5]
	at org.springframework.batch.repeat.support.RepeatTemplate.executeInternal(RepeatTemplate.java:215) ~[spring-batch-infrastructure-4.3.5.jar:4.3.5]
	at org.springframework.batch.repeat.support.RepeatTemplate.iterate(RepeatTemplate.java:145) ~[spring-batch-infrastructure-4.3.5.jar:4.3.5]
	at org.springframework.batch.core.step.tasklet.TaskletStep.doExecute(TaskletStep.java:258) ~[spring-batch-core-4.3.5.jar:4.3.5]
	at org.springframework.batch.core.step.AbstractStep.execute(AbstractStep.java:208) [spring-batch-core-4.3.5.jar:4.3.5]
	at org.springframework.batch.core.job.SimpleStepHandler.handleStep(SimpleStepHandler.java:152) [spring-batch-core-4.3.5.jar:4.3.5]
	at org.springframework.batch.core.job.AbstractJob.handleStep(AbstractJob.java:413) [spring-batch-core-4.3.5.jar:4.3.5]
	at org.springframework.batch.core.job.SimpleJob.doExecute(SimpleJob.java:136) [spring-batch-core-4.3.5.jar:4.3.5]
	at org.springframework.batch.core.job.AbstractJob.execute(AbstractJob.java:320) [spring-batch-core-4.3.5.jar:4.3.5]
	at org.springframework.batch.core.launch.support.SimpleJobLauncher$1.run(SimpleJobLauncher.java:149) [spring-batch-core-4.3.5.jar:4.3.5]
	at org.springframework.core.task.SyncTaskExecutor.execute(SyncTaskExecutor.java:50) [spring-core-5.3.16.jar:5.3.16]
	at org.springframework.batch.core.launch.support.SimpleJobLauncher.run(SimpleJobLauncher.java:140) [spring-batch-core-4.3.5.jar:4.3.5]
	at jdk.internal.reflect.NativeMethodAccessorImpl.invoke0(Native Method) ~[?:?]
	at jdk.internal.reflect.NativeMethodAccessorImpl.invoke(NativeMethodAccessorImpl.java:62) ~[?:?]
	at jdk.internal.reflect.DelegatingMethodAccessorImpl.invoke(DelegatingMethodAccessorImpl.java:43) ~[?:?]
	at java.lang.reflect.Method.invoke(Method.java:566) ~[?:?]
	at org.springframework.aop.support.AopUtils.invokeJoinpointUsingReflection(AopUtils.java:344) [spring-aop-5.3.16.jar:5.3.16]
	at org.springframework.aop.framework.ReflectiveMethodInvocation.invokeJoinpoint(ReflectiveMethodInvocation.java:198) [spring-aop-5.3.16.jar:5.3.16]
	at org.springframework.aop.framework.ReflectiveMethodInvocation.proceed(ReflectiveMethodInvocation.java:163) [spring-aop-5.3.16.jar:5.3.16]
	at org.springframework.batch.core.configuration.annotation.SimpleBatchConfiguration$PassthruAdvice.invoke(SimpleBatchConfiguration.java:128) [spring-batch-core-4.3.5.jar:4.3.5]
	at org.springframework.aop.framework.ReflectiveMethodInvocation.proceed(ReflectiveMethodInvocation.java:186) [spring-aop-5.3.16.jar:5.3.16]
	at org.springframework.aop.framework.JdkDynamicAopProxy.invoke(JdkDynamicAopProxy.java:215) [spring-aop-5.3.16.jar:5.3.16]
	at com.sun.proxy.$Proxy64.run(Unknown Source) [?:?]
	at org.springframework.boot.autoconfigure.batch.JobLauncherApplicationRunner.execute(JobLauncherApplicationRunner.java:199) [spring-boot-autoconfigure-2.6.4.jar:2.6.4]
	at org.springframework.boot.autoconfigure.batch.JobLauncherApplicationRunner.executeLocalJobs(JobLauncherApplicationRunner.java:173) [spring-boot-autoconfigure-2.6.4.jar:2.6.4]
	at org.springframework.boot.autoconfigure.batch.JobLauncherApplicationRunner.launchJobFromProperties(JobLauncherApplicationRunner.java:160) [spring-boot-autoconfigure-2.6.4.jar:2.6.4]
	at org.springframework.boot.autoconfigure.batch.JobLauncherApplicationRunner.run(JobLauncherApplicationRunner.java:155) [spring-boot-autoconfigure-2.6.4.jar:2.6.4]
	at org.springframework.boot.autoconfigure.batch.JobLauncherApplicationRunner.run(JobLauncherApplicationRunner.java:150) [spring-boot-autoconfigure-2.6.4.jar:2.6.4]
	at org.springframework.boot.SpringApplication.callRunner(SpringApplication.java:768) [spring-boot-2.6.4.jar:2.6.4]
	at org.springframework.boot.SpringApplication.callRunners(SpringApplication.java:758) [spring-boot-2.6.4.jar:2.6.4]
	at org.springframework.boot.SpringApplication.run(SpringApplication.java:310) [spring-boot-2.6.4.jar:2.6.4]
	at org.springframework.boot.SpringApplication.run(SpringApplication.java:1312) [spring-boot-2.6.4.jar:2.6.4]
	at org.springframework.boot.SpringApplication.run(SpringApplication.java:1301) [spring-boot-2.6.4.jar:2.6.4]
	at com.example.primeiroprojetospringbatch.PrimeiroprojetospringbatchApplication.main(PrimeiroprojetospringbatchApplication.java:10) [classes/:?]
Caused by: org.springframework.batch.item.file.transform.IncorrectLineLengthException: Line is shorter than max range 46
	at org.springframework.batch.item.file.transform.FixedLengthTokenizer.doTokenize(FixedLengthTokenizer.java:109) ~[spring-batch-infrastructure-4.3.5.jar:4.3.5]
	at org.springframework.batch.item.file.transform.AbstractLineTokenizer.tokenize(AbstractLineTokenizer.java:130) ~[spring-batch-infrastructure-4.3.5.jar:4.3.5]
	at org.springframework.batch.item.file.mapping.DefaultLineMapper.mapLine(DefaultLineMapper.java:43) ~[spring-batch-infrastructure-4.3.5.jar:4.3.5]
	at org.springframework.batch.item.file.FlatFileItemReader.doRead(FlatFileItemReader.java:185) ~[spring-batch-infrastructure-4.3.5.jar:4.3.5]
	... 48 more
2022-03-18 14:55:35,045 INFO o.s.b.c.s.AbstractStep [main] Step: [ArquivoLarguraFixaStep] executed in 62ms
2022-03-18 14:55:35,106 INFO o.s.b.c.l.s.SimpleJobLauncher [main] Job: [SimpleJob: [name=jobBuilderFactory]] completed with the following parameters: [{run.id=3}] and the following status: [FAILED] in 166ms
2022-03-18 14:55:35,111 INFO c.z.h.HikariDataSource [SpringApplicationShutdownHook] HikariPool-1 - Shutdown initiated...
2022-03-18 14:55:35,141 INFO c.z.h.HikariDataSource [SpringApplicationShutdownHook] HikariPool-1 - Shutdown completed.
2022-03-18 14:55:56,732 INFO c.e.p.PrimeiroprojetospringbatchApplication [main] Starting PrimeiroprojetospringbatchApplication using Java 11.0.14 on BRPC014081 with PID 20116 (C:\ws-developer\spring-java\primeiroprojetospringbatch\target\classes started by domk in C:\ws-developer\spring-java\primeiroprojetospringbatch)
2022-03-18 14:55:56,744 INFO c.e.p.PrimeiroprojetospringbatchApplication [main] No active profile set, falling back to 1 default profile: "default"
2022-03-18 14:55:57,422 INFO o.s.c.a.ConfigurationClassEnhancer [main] @Bean method PropertiesConfig.configurarPropriedades is non-static and returns an object assignable to Spring's BeanFactoryPostProcessor interface. This will result in a failure to process annotations such as @Autowired, @Resource and @PostConstruct within the method's declaring @Configuration class. Add the 'static' modifier to this method to avoid these container lifecycle issues; see @Bean javadoc for complete details.
2022-03-18 14:55:57,659 INFO c.z.h.HikariDataSource [main] HikariPool-1 - Starting...
2022-03-18 14:55:58,398 INFO c.z.h.HikariDataSource [main] HikariPool-1 - Start completed.
2022-03-18 14:55:58,626 INFO o.s.b.c.r.s.JobRepositoryFactoryBean [main] No database type set, using meta data indicating: MYSQL
2022-03-18 14:55:58,911 INFO o.s.b.c.l.s.SimpleJobLauncher [main] No TaskExecutor has been set, defaulting to synchronous executor.
2022-03-18 14:55:59,052 INFO c.e.p.PrimeiroprojetospringbatchApplication [main] Started PrimeiroprojetospringbatchApplication in 3.198 seconds (JVM running for 4.112)
2022-03-18 14:55:59,290 INFO o.s.b.c.l.s.SimpleJobLauncher [main] Job: [SimpleJob: [name=jobBuilderFactory]] launched with the following parameters: [{run.id=4}]
2022-03-18 14:55:59,386 INFO o.s.b.c.j.SimpleStepHandler [main] Executing step: [ArquivoLarguraFixaStep]
2022-03-18 14:55:59,499 INFO o.s.b.c.s.AbstractStep [main] Step: [ArquivoLarguraFixaStep] executed in 113ms
2022-03-18 14:55:59,553 INFO o.s.b.c.l.s.SimpleJobLauncher [main] Job: [SimpleJob: [name=jobBuilderFactory]] completed with the following parameters: [{run.id=4}] and the following status: [COMPLETED] in 205ms
2022-03-18 14:55:59,560 INFO c.z.h.HikariDataSource [SpringApplicationShutdownHook] HikariPool-1 - Shutdown initiated...
2022-03-18 14:55:59,584 INFO c.z.h.HikariDataSource [SpringApplicationShutdownHook] HikariPool-1 - Shutdown completed.
